<?xml version="1.0" encoding="UTF-8"?>
<testsuite name="com.xueduan.stock.dbservice.DbServiceApplicationTests" tests="1" skipped="0" failures="0" errors="0" timestamp="2018-12-15T12:16:40" hostname="CMTCLM2W20DBHTD" time="0.03">
  <properties/>
  <testcase name="contextLoads" classname="com.xueduan.stock.dbservice.DbServiceApplicationTests" time="0.03"/>
  <system-out><![CDATA[20:15:36.181 [Test worker] DEBUG org.springframework.test.context.junit4.SpringJUnit4ClassRunner - SpringJUnit4ClassRunner constructor called with [class com.xueduan.stock.dbservice.DbServiceApplicationTests]
20:15:36.189 [Test worker] DEBUG org.springframework.test.context.BootstrapUtils - Instantiating CacheAwareContextLoaderDelegate from class [org.springframework.test.context.cache.DefaultCacheAwareContextLoaderDelegate]
20:15:36.196 [Test worker] DEBUG org.springframework.test.context.BootstrapUtils - Instantiating BootstrapContext using constructor [public org.springframework.test.context.support.DefaultBootstrapContext(java.lang.Class,org.springframework.test.context.CacheAwareContextLoaderDelegate)]
20:15:36.216 [Test worker] DEBUG org.springframework.test.context.BootstrapUtils - Instantiating TestContextBootstrapper for test class [com.xueduan.stock.dbservice.DbServiceApplicationTests] from class [org.springframework.boot.test.context.SpringBootTestContextBootstrapper]
20:15:36.228 [Test worker] INFO org.springframework.boot.test.context.SpringBootTestContextBootstrapper - Neither @ContextConfiguration nor @ContextHierarchy found for test class [com.xueduan.stock.dbservice.DbServiceApplicationTests], using SpringBootContextLoader
20:15:36.231 [Test worker] DEBUG org.springframework.test.context.support.AbstractContextLoader - Did not detect default resource location for test class [com.xueduan.stock.dbservice.DbServiceApplicationTests]: class path resource [com/xueduan/stock/dbservice/DbServiceApplicationTests-context.xml] does not exist
20:15:36.231 [Test worker] DEBUG org.springframework.test.context.support.AbstractContextLoader - Did not detect default resource location for test class [com.xueduan.stock.dbservice.DbServiceApplicationTests]: class path resource [com/xueduan/stock/dbservice/DbServiceApplicationTestsContext.groovy] does not exist
20:15:36.231 [Test worker] INFO org.springframework.test.context.support.AbstractContextLoader - Could not detect default resource locations for test class [com.xueduan.stock.dbservice.DbServiceApplicationTests]: no resource found for suffixes {-context.xml, Context.groovy}.
20:15:36.232 [Test worker] INFO org.springframework.test.context.support.AnnotationConfigContextLoaderUtils - Could not detect default configuration classes for test class [com.xueduan.stock.dbservice.DbServiceApplicationTests]: DbServiceApplicationTests does not declare any static, non-private, non-final, nested classes annotated with @Configuration.
20:15:36.261 [Test worker] DEBUG org.springframework.test.context.support.ActiveProfilesUtils - Could not find an 'annotation declaring class' for annotation type [org.springframework.test.context.ActiveProfiles] and class [com.xueduan.stock.dbservice.DbServiceApplicationTests]
20:15:36.267 [Test worker] DEBUG org.springframework.core.env.StandardEnvironment - Adding PropertySource 'systemProperties' with lowest search precedence
20:15:36.268 [Test worker] DEBUG org.springframework.core.env.StandardEnvironment - Adding PropertySource 'systemEnvironment' with lowest search precedence
20:15:36.269 [Test worker] DEBUG org.springframework.core.env.StandardEnvironment - Initialized StandardEnvironment with PropertySources [MapPropertySource@278945769 {name='systemProperties', properties={java.runtime.name=Java(TM) SE Runtime Environment, sun.boot.library.path=/Library/Java/JavaVirtualMachines/jdk1.8.0_172.jdk/Contents/Home/jre/lib, java.vm.version=25.172-b11, gopherProxySet=false, java.vm.vendor=Oracle Corporation, java.vendor.url=http://java.oracle.com/, path.separator=:, java.vm.name=Java HotSpot(TM) 64-Bit Server VM, file.encoding.pkg=sun.io, sun.java.launcher=SUN_STANDARD, user.country=CN, sun.os.patch.level=unknown, java.vm.specification.name=Java Virtual Machine Specification, user.dir=/Users/xueduan/learning/db-service, java.runtime.version=1.8.0_172-b11, java.awt.graphicsenv=sun.awt.CGraphicsEnvironment, java.endorsed.dirs=/Library/Java/JavaVirtualMachines/jdk1.8.0_172.jdk/Contents/Home/jre/lib/endorsed, os.arch=x86_64, java.io.tmpdir=/var/folders/w4/1r3yyj1543b2tw3cz9k1cdbdhh70gv/T/, line.separator=
, socksProxyPort=1086, java.vm.specification.vendor=Oracle Corporation, user.variant=, os.name=Mac OS X, sun.jnu.encoding=UTF-8, java.library.path=/Users/xueduan/Library/Java/Extensions:/Library/Java/Extensions:/Network/Library/Java/Extensions:/System/Library/Java/Extensions:/usr/lib/java:., java.specification.name=Java Platform API Specification, java.class.version=52.0, org.gradle.native=false, sun.management.compiler=HotSpot 64-Bit Tiered Compilers, os.version=10.13.5, http.nonProxyHosts=127.0.0.1|192.168.0.0/16|*.192.168.0.0/16|10.0.0.0/8|*.10.0.0.0/8|localhost|*.localhost, user.home=/Users/xueduan, user.timezone=Asia/Shanghai, java.awt.printerjob=sun.lwawt.macosx.CPrinterJob, file.encoding=UTF-8, java.specification.version=1.8, java.class.path=/Users/xueduan/learning/db-service/build/classes/java/test:/Users/xueduan/learning/db-service/build/resources/test:/Users/xueduan/learning/db-service/build/classes/java/main:/Users/xueduan/learning/db-service/build/resources/main:/Users/xueduan/.gradle/caches/modules-2/files-2.1/org.flywaydb/flyway-core/3.2.1/88347e9a484152e9b80fbad7648d1b552a8cff78/flyway-core-3.2.1.jar:/Users/xueduan/.gradle/caches/modules-2/files-2.1/org.projectlombok/lombok/1.16.22/e555426550f54284fefb09065f2123a1d9be0b73/lombok-1.16.22.jar:/Users/xueduan/.gradle/caches/modules-2/files-2.1/org.springframework.boot/spring-boot-starter-data-jpa/1.5.18.RELEASE/e36bc851981a58fb60d24a9c7bd890b1172e40ca/spring-boot-starter-data-jpa-1.5.18.RELEASE.jar:/Users/xueduan/.gradle/caches/modules-2/files-2.1/org.springframework.boot/spring-boot-starter-jdbc/1.5.18.RELEASE/1c5b51be934704efa1260b4cf27dd6ad5df7205/spring-boot-starter-jdbc-1.5.18.RELEASE.jar:/Users/xueduan/.gradle/caches/modules-2/files-2.1/mysql/mysql-connector-java/5.1.47/9de4159aaf2d08817a276610b8114a825fca6cfd/mysql-connector-java-5.1.47.jar:/Users/xueduan/.gradle/caches/modules-2/files-2.1/org.springframework.boot/spring-boot-starter-web/1.5.18.RELEASE/ac69c498381c10bb5add3c19b517f25c51341886/spring-boot-starter-web-1.5.18.RELEASE.jar:/Users/xueduan/.gradle/caches/modules-2/files-2.1/org.springframework.boot/spring-boot-starter-test/1.5.18.RELEASE/eed16f4264c534a87f571f55d3e2e889ab3a74a4/spring-boot-starter-test-1.5.18.RELEASE.jar:/Users/xueduan/.gradle/caches/modules-2/files-2.1/org.springframework.boot/spring-boot-starter-aop/1.5.18.RELEASE/40777b0ebeccaf8afaa7d63b1fab2b6b15622e94/spring-boot-starter-aop-1.5.18.RELEASE.jar:/Users/xueduan/.gradle/caches/modules-2/files-2.1/org.springframework.boot/spring-boot-starter/1.5.18.RELEASE/f7676e6488e22fcf6c0119120d7364e14fa11dca/spring-boot-starter-1.5.18.RELEASE.jar:/Users/xueduan/.gradle/caches/modules-2/files-2.1/org.apache.tomcat/tomcat-jdbc/8.5.35/b4b27053b96b70b6e2f3b8de9f5338b0d386386b/tomcat-jdbc-8.5.35.jar:/Users/xueduan/.gradle/caches/modules-2/files-2.1/org.springframework.data/spring-data-jpa/1.11.17.RELEASE/2b14bc15a9cd4586b1140f40fb75ccb7ee35b082/spring-data-jpa-1.11.17.RELEASE.jar:/Users/xueduan/.gradle/caches/modules-2/files-2.1/org.springframework/spring-orm/4.3.21.RELEASE/b2a0c304b91c64a6bc1890061aa61a56acde8d70/spring-orm-4.3.21.RELEASE.jar:/Users/xueduan/.gradle/caches/modules-2/files-2.1/org.springframework/spring-jdbc/4.3.21.RELEASE/3691a7af0372d73723222c4e0c63db2e58637e8e/spring-jdbc-4.3.21.RELEASE.jar:/Users/xueduan/.gradle/caches/modules-2/files-2.1/org.hibernate/hibernate-entitymanager/5.0.12.Final/302a526f5058290e9cbd719a5caf9f248d344719/hibernate-entitymanager-5.0.12.Final.jar:/Users/xueduan/.gradle/caches/modules-2/files-2.1/org.hibernate/hibernate-core/5.0.12.Final/e58bf1c660e6706d8e2cbb53bae110f574366102/hibernate-core-5.0.12.Final.jar:/Users/xueduan/.gradle/caches/modules-2/files-2.1/javax.transaction/javax.transaction-api/1.2/d81aff979d603edd90dcd8db2abc1f4ce6479e3e/javax.transaction-api-1.2.jar:/Users/xueduan/.gradle/caches/modules-2/files-2.1/org.springframework/spring-aspects/4.3.21.RELEASE/66207caba507580ee1fef4f8855001074389e62f/spring-aspects-4.3.21.RELEASE.jar:/Users/xueduan/.gradle/caches/modules-2/files-2.1/org.springframework.boot/spring-boot-starter-tomcat/1.5.18.RELEASE/a9698317aa43178ae5f09ae015a828f9919a878c/spring-boot-starter-tomcat-1.5.18.RELEASE.jar:/Users/xueduan/.gradle/caches/modules-2/files-2.1/org.hibernate/hibernate-validator/5.3.6.Final/4c730be8bf55a8e9a61e79a2f2c079abf48b718/hibernate-validator-5.3.6.Final.jar:/Users/xueduan/.gradle/caches/modules-2/files-2.1/com.fasterxml.jackson.core/jackson-databind/2.8.11.3/844df5aba5a1a56e00905b165b12bb34116ee858/jackson-databind-2.8.11.3.jar:/Users/xueduan/.gradle/caches/modules-2/files-2.1/org.springframework/spring-webmvc/4.3.21.RELEASE/697b5d133fc9293a25caec960fd19c7bd518f56a/spring-webmvc-4.3.21.RELEASE.jar:/Users/xueduan/.gradle/caches/modules-2/files-2.1/org.springframework/spring-web/4.3.21.RELEASE/64e4d7c10ce844ea093bee12f0bc9afc563ffa33/spring-web-4.3.21.RELEASE.jar:/Users/xueduan/.gradle/caches/modules-2/files-2.1/org.springframework.boot/spring-boot-test-autoconfigure/1.5.18.RELEASE/78b83e0f7eb016251c8a7e4b5547b4cbed151fbd/spring-boot-test-autoconfigure-1.5.18.RELEASE.jar:/Users/xueduan/.gradle/caches/modules-2/files-2.1/org.springframework.boot/spring-boot-test/1.5.18.RELEASE/8ba0c21e70ee0f481eed17a28380fa0caf74f1d0/spring-boot-test-1.5.18.RELEASE.jar:/Users/xueduan/.gradle/caches/modules-2/files-2.1/com.jayway.jsonpath/json-path/2.2.0/22290d17944bd239fabf5ac69005a60a7ecbbbcb/json-path-2.2.0.jar:/Users/xueduan/.gradle/caches/modules-2/files-2.1/junit/junit/4.12/2973d150c0dc1fefe998f834810d68f278ea58ec/junit-4.12.jar:/Users/xueduan/.gradle/caches/modules-2/files-2.1/org.assertj/assertj-core/2.6.0/b532c3fc4f66bcfee4989a3514f1cd56203a33ad/assertj-core-2.6.0.jar:/Users/xueduan/.gradle/caches/modules-2/files-2.1/org.mockito/mockito-core/1.10.19/e8546f5bef4e061d8dd73895b4e8f40e3fe6effe/mockito-core-1.10.19.jar:/Users/xueduan/.gradle/caches/modules-2/files-2.1/org.hamcrest/hamcrest-library/1.3/4785a3c21320980282f9f33d0d1264a69040538f/hamcrest-library-1.3.jar:/Users/xueduan/.gradle/caches/modules-2/files-2.1/org.hamcrest/hamcrest-core/1.3/42a25dc3219429f0e5d060061f71acb49bf010a0/hamcrest-core-1.3.jar:/Users/xueduan/.gradle/caches/modules-2/files-2.1/org.skyscreamer/jsonassert/1.4.0/9cdbb373a06f6513e51e8c545ee6a5e981463edb/jsonassert-1.4.0.jar:/Users/xueduan/.gradle/caches/modules-2/files-2.1/org.springframework/spring-test/4.3.21.RELEASE/98d58cf9828c4f977823153ad5ac5cc5612136f7/spring-test-4.3.21.RELEASE.jar:/Users/xueduan/.gradle/caches/modules-2/files-2.1/org.springframework.boot/spring-boot-autoconfigure/1.5.18.RELEASE/7951dd1fe36dea4a64db6c2f7e14f0b1e0adb3ea/spring-boot-autoconfigure-1.5.18.RELEASE.jar:/Users/xueduan/.gradle/caches/modules-2/files-2.1/org.springframework.boot/spring-boot/1.5.18.RELEASE/7914ca08dafc83e7013ef1f14f03357114f0e813/spring-boot-1.5.18.RELEASE.jar:/Users/xueduan/.gradle/caches/modules-2/files-2.1/org.springframework/spring-tx/4.3.21.RELEASE/9920a4b7629ee949f6ead56a214b532863c02919/spring-tx-4.3.21.RELEASE.jar:/Users/xueduan/.gradle/caches/modules-2/files-2.1/org.springframework.data/spring-data-commons/1.13.17.RELEASE/58cf6873526629151d06963a5f9b1c2c6c3ae321/spring-data-commons-1.13.17.RELEASE.jar:/Users/xueduan/.gradle/caches/modules-2/files-2.1/org.springframework/spring-context/4.3.21.RELEASE/5264ce9d8039d48684ce3fc25eb5d214fa46ab5b/spring-context-4.3.21.RELEASE.jar:/Users/xueduan/.gradle/caches/modules-2/files-2.1/org.springframework/spring-expression/4.3.21.RELEASE/e69cc3105026235d4b91cb1c51c25ce125f0b7/spring-expression-4.3.21.RELEASE.jar:/Users/xueduan/.gradle/caches/modules-2/files-2.1/org.springframework/spring-aop/4.3.21.RELEASE/e29ad56774c2e8d685b2628a1cd7df217e8e76b9/spring-aop-4.3.21.RELEASE.jar:/Users/xueduan/.gradle/caches/modules-2/files-2.1/org.springframework/spring-beans/4.3.21.RELEASE/b189b059b054acd7ea3d07dc028800d471bb72b6/spring-beans-4.3.21.RELEASE.jar:/Users/xueduan/.gradle/caches/modules-2/files-2.1/org.springframework/spring-core/4.3.21.RELEASE/baca8fcf544214f08fe594ba092d6fa88900a74e/spring-core-4.3.21.RELEASE.jar:/Users/xueduan/.gradle/caches/modules-2/files-2.1/org.springframework.boot/spring-boot-starter-logging/1.5.18.RELEASE/f60df51b2b14ee57db5340cf230ccd8514407017/spring-boot-starter-logging-1.5.18.RELEASE.jar:/Users/xueduan/.gradle/caches/modules-2/files-2.1/org.yaml/snakeyaml/1.17/7a27ea250c5130b2922b86dea63cbb1cc10a660c/snakeyaml-1.17.jar:/Users/xueduan/.gradle/caches/modules-2/files-2.1/org.apache.tomcat/tomcat-juli/8.5.35/69d0606072b31b57ba706d1ffc102064ad8f694b/tomcat-juli-8.5.35.jar:/Users/xueduan/.gradle/caches/modules-2/files-2.1/org.aspectj/aspectjweaver/1.8.13/ad94df2a28d658a40dc27bbaff6a1ce5fbf04e9b/aspectjweaver-1.8.13.jar:/Users/xueduan/.gradle/caches/modules-2/files-2.1/org.hibernate.common/hibernate-commons-annotations/5.0.1.Final/71e1cff3fcb20d3b3af4f3363c3ddb24d33c6879/hibernate-commons-annotations-5.0.1.Final.jar:/Users/xueduan/.gradle/caches/modules-2/files-2.1/org.jboss.logging/jboss-logging/3.3.2.Final/3789d00e859632e6c6206adc0c71625559e6e3b0/jboss-logging-3.3.2.Final.jar:/Users/xueduan/.gradle/caches/modules-2/files-2.1/org.hibernate.javax.persistence/hibernate-jpa-2.1-api/1.0.0.Final/5e731d961297e5a07290bfaf3db1fbc8bbbf405a/hibernate-jpa-2.1-api-1.0.0.Final.jar:/Users/xueduan/.gradle/caches/modules-2/files-2.1/org.javassist/javassist/3.21.0-GA/598244f595db5c5fb713731eddbb1c91a58d959b/javassist-3.21.0-GA.jar:/Users/xueduan/.gradle/caches/modules-2/files-2.1/antlr/antlr/2.7.7/83cd2cd674a217ade95a4bb83a8a14f351f48bd0/antlr-2.7.7.jar:/Users/xueduan/.gradle/caches/modules-2/files-2.1/org.jboss/jandex/2.0.0.Final/3e899258936f94649c777193e1be846387ed54b3/jandex-2.0.0.Final.jar:/Users/xueduan/.gradle/caches/modules-2/files-2.1/dom4j/dom4j/1.6.1/5d3ccc056b6f056dbf0dddfdf43894b9065a8f94/dom4j-1.6.1.jar:/Users/xueduan/.gradle/caches/modules-2/files-2.1/org.slf4j/jcl-over-slf4j/1.7.25/f8c32b13ff142a513eeb5b6330b1588dcb2c0461/jcl-over-slf4j-1.7.25.jar:/Users/xueduan/.gradle/caches/modules-2/files-2.1/ch.qos.logback/logback-classic/1.1.11/ccedfbacef4a6515d2983e3f89ed753d5d4fb665/logback-classic-1.1.11.jar:/Users/xueduan/.gradle/caches/modules-2/files-2.1/org.slf4j/jul-to-slf4j/1.7.25/af5364cd6679bfffb114f0dec8a157aaa283b76/jul-to-slf4j-1.7.25.jar:/Users/xueduan/.gradle/caches/modules-2/files-2.1/org.slf4j/log4j-over-slf4j/1.7.25/a87bb47468f47ee7aabbd54f93e133d4215769c3/log4j-over-slf4j-1.7.25.jar:/Users/xueduan/.gradle/caches/modules-2/files-2.1/org.slf4j/slf4j-api/1.7.25/da76ca59f6a57ee3102f8f9bd9cee742973efa8a/slf4j-api-1.7.25.jar:/Users/xueduan/.gradle/caches/modules-2/files-2.1/org.apache.tomcat.embed/tomcat-embed-websocket/8.5.35/e87da30db31e2d9e70598a12b40e9c2a23215a40/tomcat-embed-websocket-8.5.35.jar:/Users/xueduan/.gradle/caches/modules-2/files-2.1/org.apache.tomcat.embed/tomcat-embed-core/8.5.35/9c459829e1aa72669203dbbf6648dc3b6314644c/tomcat-embed-core-8.5.35.jar:/Users/xueduan/.gradle/caches/modules-2/files-2.1/org.apache.tomcat.embed/tomcat-embed-el/8.5.35/da63e21798ee42a4b4019c7345b159d3b63bc3de/tomcat-embed-el-8.5.35.jar:/Users/xueduan/.gradle/caches/modules-2/files-2.1/javax.validation/validation-api/1.1.0.Final/8613ae82954779d518631e05daa73a6a954817d5/validation-api-1.1.0.Final.jar:/Users/xueduan/.gradle/caches/modules-2/files-2.1/com.fasterxml/classmate/1.3.4/3d5f48f10bbe4eb7bd862f10c0583be2e0053c6/classmate-1.3.4.jar:/Users/xueduan/.gradle/caches/modules-2/files-2.1/com.fasterxml.jackson.core/jackson-annotations/2.8.0/45b426f7796b741035581a176744d91090e2e6fb/jackson-annotations-2.8.0.jar:/Users/xueduan/.gradle/caches/modules-2/files-2.1/com.fasterxml.jackson.core/jackson-core/2.8.11/876ead1db19f0c9e79c9789273a3ef8c6fd6c29b/jackson-core-2.8.11.jar:/Users/xueduan/.gradle/caches/modules-2/files-2.1/net.minidev/json-smart/2.2.1/5b9e5df7a62d1279b70dc882b041d249c4f0b002/json-smart-2.2.1.jar:/Users/xueduan/.gradle/caches/modules-2/files-2.1/org.objenesis/objenesis/2.1/87c0ea803b69252868d09308b4618f766f135a96/objenesis-2.1.jar:/Users/xueduan/.gradle/caches/modules-2/files-2.1/com.vaadin.external.google/android-json/0.0.20131108.vaadin1/fa26d351fe62a6a17f5cda1287c1c6110dec413f/android-json-0.0.20131108.vaadin1.jar:/Users/xueduan/.gradle/caches/modules-2/files-2.1/org.apache.tomcat/tomcat-annotations-api/8.5.35/5e03d5b26a8cdf7368831d35baa323aaae3213b4/tomcat-annotations-api-8.5.35.jar:/Users/xueduan/.gradle/caches/modules-2/files-2.1/net.minidev/accessors-smart/1.1/a527213f2fea112a04c9bdf0ec0264e34104cd08/accessors-smart-1.1.jar:/Users/xueduan/.gradle/caches/modules-2/files-2.1/ch.qos.logback/logback-core/1.1.11/88b8df40340eed549fb07e2613879bf6b006704d/logback-core-1.1.11.jar:/Users/xueduan/.gradle/caches/modules-2/files-2.1/org.ow2.asm/asm/5.0.3/dcc2193db20e19e1feca8b1240dbbc4e190824fa/asm-5.0.3.jar, user.name=xueduan, socksProxyHost=127.0.0.1, java.vm.specification.version=1.8, sun.java.command=worker.org.gradle.process.internal.worker.GradleWorkerMain 'Gradle Test Executor 16', java.home=/Library/Java/JavaVirtualMachines/jdk1.8.0_172.jdk/Contents/Home/jre, sun.arch.data.model=64, user.language=en, java.specification.vendor=Oracle Corporation, awt.toolkit=sun.lwawt.macosx.LWCToolkit, java.vm.info=mixed mode, java.version=1.8.0_172, java.ext.dirs=/Users/xueduan/Library/Java/Extensions:/Library/Java/JavaVirtualMachines/jdk1.8.0_172.jdk/Contents/Home/jre/lib/ext:/Library/Java/Extensions:/Network/Library/Java/Extensions:/System/Library/Java/Extensions:/usr/lib/java, sun.boot.class.path=/Library/Java/JavaVirtualMachines/jdk1.8.0_172.jdk/Contents/Home/jre/lib/resources.jar:/Library/Java/JavaVirtualMachines/jdk1.8.0_172.jdk/Contents/Home/jre/lib/rt.jar:/Library/Java/JavaVirtualMachines/jdk1.8.0_172.jdk/Contents/Home/jre/lib/sunrsasign.jar:/Library/Java/JavaVirtualMachines/jdk1.8.0_172.jdk/Contents/Home/jre/lib/jsse.jar:/Library/Java/JavaVirtualMachines/jdk1.8.0_172.jdk/Contents/Home/jre/lib/jce.jar:/Library/Java/JavaVirtualMachines/jdk1.8.0_172.jdk/Contents/Home/jre/lib/charsets.jar:/Library/Java/JavaVirtualMachines/jdk1.8.0_172.jdk/Contents/Home/jre/lib/jfr.jar:/Library/Java/JavaVirtualMachines/jdk1.8.0_172.jdk/Contents/Home/jre/classes, java.vendor=Oracle Corporation, org.gradle.test.worker=16, file.separator=/, java.vendor.url.bug=http://bugreport.sun.com/bugreport/, sun.io.unicode.encoding=UnicodeBig, sun.cpu.endian=little, socksNonProxyHosts=127.0.0.1|192.168.0.0/16|*.192.168.0.0/16|10.0.0.0/8|*.10.0.0.0/8|localhost|*.localhost, ftp.nonProxyHosts=127.0.0.1|192.168.0.0/16|*.192.168.0.0/16|10.0.0.0/8|*.10.0.0.0/8|localhost|*.localhost, sun.cpu.isalist=}}, SystemEnvironmentPropertySource@1969600955 {name='systemEnvironment', properties={PATH=/Library/Java/JavaVirtualMachines/jdk1.8.0_172.jdk/Contents/Home/bin:/usr/local/bin:/usr/bin:/bin:/usr/sbin:/sbin:/usr/local/Cellar/gradle/bin:.:/usr/local/apache-maven-3.6.0/bin, SHELL=/bin/bash, JAVA_HOME=/Library/Java/JavaVirtualMachines/jdk1.8.0_172.jdk/Contents/Home, OLDPWD=/usr/local/Cellar/gradle, TERM=xterm-256color, USER=xueduan, CLASSPATH=/usr/local/Cellar/gradle/lib/gradle-launcher-4.7.jar, JAVA_MAIN_CLASS_14928=worker.org.gradle.process.internal.worker.GradleWorkerMain, JAVA_MAIN_CLASS_14918=org.gradle.launcher.GradleMain, GRADLE_HOME=/usr/local/Cellar/gradle, TMPDIR=/var/folders/w4/1r3yyj1543b2tw3cz9k1cdbdhh70gv/T/, SSH_AUTH_SOCK=/private/tmp/com.apple.launchd.QgzAY91WbH/Listeners, APP_NAME_14918=Gradle, XPC_FLAGS=0x0, M2_HOME=/usr/local/apache-maven-3.6.0, __CF_USER_TEXT_ENCODING=0x610381FB:0x0:0x0, Apple_PubSub_Socket_Render=/private/tmp/com.apple.launchd.HUpB9WA4PI/Render, LOGNAME=xueduan, LC_CTYPE=en_US.UTF-8, XPC_SERVICE_NAME=0, PWD=/Users/xueduan/learning/db-service, APP_ICON_14918=/usr/local/Cellar/gradle/media/gradle.icns, SHLVL=1, HOME=/Users/xueduan}}]
20:15:36.279 [Test worker] DEBUG org.springframework.core.io.support.PathMatchingResourcePatternResolver - Resolved classpath location [com/xueduan/stock/dbservice/] to resources [URL [file:/Users/xueduan/learning/db-service/build/classes/java/test/com/xueduan/stock/dbservice/], URL [file:/Users/xueduan/learning/db-service/build/classes/java/main/com/xueduan/stock/dbservice/]]
20:15:36.280 [Test worker] DEBUG org.springframework.core.io.support.PathMatchingResourcePatternResolver - Looking for matching resources in directory tree [/Users/xueduan/learning/db-service/build/classes/java/test/com/xueduan/stock/dbservice]
20:15:36.280 [Test worker] DEBUG org.springframework.core.io.support.PathMatchingResourcePatternResolver - Searching directory [/Users/xueduan/learning/db-service/build/classes/java/test/com/xueduan/stock/dbservice] for files matching pattern [/Users/xueduan/learning/db-service/build/classes/java/test/com/xueduan/stock/dbservice/*.class]
20:15:36.282 [Test worker] DEBUG org.springframework.core.io.support.PathMatchingResourcePatternResolver - Looking for matching resources in directory tree [/Users/xueduan/learning/db-service/build/classes/java/main/com/xueduan/stock/dbservice]
20:15:36.283 [Test worker] DEBUG org.springframework.core.io.support.PathMatchingResourcePatternResolver - Searching directory [/Users/xueduan/learning/db-service/build/classes/java/main/com/xueduan/stock/dbservice] for files matching pattern [/Users/xueduan/learning/db-service/build/classes/java/main/com/xueduan/stock/dbservice/*.class]
20:15:36.284 [Test worker] DEBUG org.springframework.core.io.support.PathMatchingResourcePatternResolver - Resolved location pattern [classpath*:com/xueduan/stock/dbservice/*.class] to resources [file [/Users/xueduan/learning/db-service/build/classes/java/test/com/xueduan/stock/dbservice/DbServiceApplicationTests.class], file [/Users/xueduan/learning/db-service/build/classes/java/main/com/xueduan/stock/dbservice/DbServiceApplication.class]]
20:15:36.330 [Test worker] DEBUG org.springframework.context.annotation.ClassPathScanningCandidateComponentProvider - Identified candidate component class: file [/Users/xueduan/learning/db-service/build/classes/java/main/com/xueduan/stock/dbservice/DbServiceApplication.class]
20:15:36.330 [Test worker] INFO org.springframework.boot.test.context.SpringBootTestContextBootstrapper - Found @SpringBootConfiguration com.xueduan.stock.dbservice.DbServiceApplication for test class com.xueduan.stock.dbservice.DbServiceApplicationTests
20:15:36.333 [Test worker] DEBUG org.springframework.boot.test.context.SpringBootTestContextBootstrapper - @TestExecutionListeners is not present for class [com.xueduan.stock.dbservice.DbServiceApplicationTests]: using defaults.
20:15:36.336 [Test worker] INFO org.springframework.boot.test.context.SpringBootTestContextBootstrapper - Loaded default TestExecutionListener class names from location [META-INF/spring.factories]: [org.springframework.boot.test.autoconfigure.restdocs.RestDocsTestExecutionListener, org.springframework.boot.test.autoconfigure.web.client.MockRestServiceServerResetTestExecutionListener, org.springframework.boot.test.autoconfigure.web.servlet.MockMvcPrintOnlyOnFailureTestExecutionListener, org.springframework.boot.test.autoconfigure.web.servlet.WebDriverTestExecutionListener, org.springframework.boot.test.mock.mockito.MockitoTestExecutionListener, org.springframework.boot.test.mock.mockito.ResetMocksTestExecutionListener, org.springframework.test.context.web.ServletTestExecutionListener, org.springframework.test.context.support.DirtiesContextBeforeModesTestExecutionListener, org.springframework.test.context.support.DependencyInjectionTestExecutionListener, org.springframework.test.context.support.DirtiesContextTestExecutionListener, org.springframework.test.context.transaction.TransactionalTestExecutionListener, org.springframework.test.context.jdbc.SqlScriptsTestExecutionListener]
20:15:36.352 [Test worker] INFO org.springframework.boot.test.context.SpringBootTestContextBootstrapper - Using TestExecutionListeners: [org.springframework.test.context.web.ServletTestExecutionListener@5b38615e, org.springframework.test.context.support.DirtiesContextBeforeModesTestExecutionListener@1f3d38aa, org.springframework.boot.test.mock.mockito.MockitoTestExecutionListener@74ba7f0f, org.springframework.boot.test.autoconfigure.SpringBootDependencyInjectionTestExecutionListener@b4f0881, org.springframework.test.context.support.DirtiesContextTestExecutionListener@13e5aa27, org.springframework.test.context.transaction.TransactionalTestExecutionListener@656b2899, org.springframework.test.context.jdbc.SqlScriptsTestExecutionListener@420e713c, org.springframework.boot.test.autoconfigure.restdocs.RestDocsTestExecutionListener@317662fc, org.springframework.boot.test.autoconfigure.web.client.MockRestServiceServerResetTestExecutionListener@f7c5267, org.springframework.boot.test.autoconfigure.web.servlet.MockMvcPrintOnlyOnFailureTestExecutionListener@33ef9cf1, org.springframework.boot.test.autoconfigure.web.servlet.WebDriverTestExecutionListener@2d99c21, org.springframework.boot.test.mock.mockito.ResetMocksTestExecutionListener@ba7f04]
20:15:36.355 [Test worker] DEBUG org.springframework.test.annotation.ProfileValueUtils - Retrieved @ProfileValueSourceConfiguration [null] for test class [com.xueduan.stock.dbservice.DbServiceApplicationTests]
20:15:36.357 [Test worker] DEBUG org.springframework.test.annotation.ProfileValueUtils - Retrieved ProfileValueSource type [class org.springframework.test.annotation.SystemProfileValueSource] for class [com.xueduan.stock.dbservice.DbServiceApplicationTests]
20:15:36.359 [Test worker] DEBUG org.springframework.test.annotation.ProfileValueUtils - Retrieved @ProfileValueSourceConfiguration [null] for test class [com.xueduan.stock.dbservice.DbServiceApplicationTests]
20:15:36.359 [Test worker] DEBUG org.springframework.test.annotation.ProfileValueUtils - Retrieved ProfileValueSource type [class org.springframework.test.annotation.SystemProfileValueSource] for class [com.xueduan.stock.dbservice.DbServiceApplicationTests]
20:15:36.363 [Test worker] DEBUG org.springframework.test.context.support.AbstractDirtiesContextTestExecutionListener - Before test class: context [DefaultTestContext@20dace04 testClass = DbServiceApplicationTests, testInstance = [null], testMethod = [null], testException = [null], mergedContextConfiguration = [WebMergedContextConfiguration@21f5b421 testClass = DbServiceApplicationTests, locations = '{}', classes = '{class com.xueduan.stock.dbservice.DbServiceApplication}', contextInitializerClasses = '[]', activeProfiles = '{}', propertySourceLocations = '{}', propertySourceProperties = '{org.springframework.boot.test.context.SpringBootTestContextBootstrapper=true}', contextCustomizers = set[org.springframework.boot.test.autoconfigure.properties.PropertyMappingContextCustomizer@0, org.springframework.boot.test.autoconfigure.web.servlet.WebDriverContextCustomizerFactory$Customizer@d27e4e7, org.springframework.boot.test.context.SpringBootTestContextCustomizer@2e4f70a5, org.springframework.boot.test.context.filter.ExcludeFilterContextCustomizer@53d6b969, org.springframework.boot.test.json.DuplicateJsonObjectContextCustomizerFactory$DuplicateJsonObjectContextCustomizer@74bebcf1, org.springframework.boot.test.mock.mockito.MockitoContextCustomizer@0], resourceBasePath = 'src/main/webapp', contextLoader = 'org.springframework.boot.test.context.SpringBootContextLoader', parent = [null]]], class annotated with @DirtiesContext [false] with mode [null].
20:15:36.363 [Test worker] DEBUG org.springframework.test.annotation.ProfileValueUtils - Retrieved @ProfileValueSourceConfiguration [null] for test class [com.xueduan.stock.dbservice.DbServiceApplicationTests]
20:15:36.364 [Test worker] DEBUG org.springframework.test.annotation.ProfileValueUtils - Retrieved ProfileValueSource type [class org.springframework.test.annotation.SystemProfileValueSource] for class [com.xueduan.stock.dbservice.DbServiceApplicationTests]
20:15:36.417 [Test worker] DEBUG org.springframework.core.env.StandardEnvironment - Adding PropertySource 'systemProperties' with lowest search precedence
20:15:36.417 [Test worker] DEBUG org.springframework.core.env.StandardEnvironment - Adding PropertySource 'systemEnvironment' with lowest search precedence
20:15:36.418 [Test worker] DEBUG org.springframework.core.env.StandardEnvironment - Initialized StandardEnvironment with PropertySources [MapPropertySource@1928906181 {name='systemProperties', properties={java.runtime.name=Java(TM) SE Runtime Environment, sun.boot.library.path=/Library/Java/JavaVirtualMachines/jdk1.8.0_172.jdk/Contents/Home/jre/lib, java.vm.version=25.172-b11, gopherProxySet=false, java.vm.vendor=Oracle Corporation, java.vendor.url=http://java.oracle.com/, path.separator=:, java.vm.name=Java HotSpot(TM) 64-Bit Server VM, file.encoding.pkg=sun.io, sun.java.launcher=SUN_STANDARD, user.country=CN, sun.os.patch.level=unknown, java.vm.specification.name=Java Virtual Machine Specification, user.dir=/Users/xueduan/learning/db-service, java.runtime.version=1.8.0_172-b11, java.awt.graphicsenv=sun.awt.CGraphicsEnvironment, java.endorsed.dirs=/Library/Java/JavaVirtualMachines/jdk1.8.0_172.jdk/Contents/Home/jre/lib/endorsed, os.arch=x86_64, java.io.tmpdir=/var/folders/w4/1r3yyj1543b2tw3cz9k1cdbdhh70gv/T/, line.separator=
, socksProxyPort=1086, java.vm.specification.vendor=Oracle Corporation, user.variant=, os.name=Mac OS X, sun.jnu.encoding=UTF-8, java.library.path=/Users/xueduan/Library/Java/Extensions:/Library/Java/Extensions:/Network/Library/Java/Extensions:/System/Library/Java/Extensions:/usr/lib/java:., java.specification.name=Java Platform API Specification, java.class.version=52.0, org.gradle.native=false, sun.management.compiler=HotSpot 64-Bit Tiered Compilers, os.version=10.13.5, http.nonProxyHosts=127.0.0.1|192.168.0.0/16|*.192.168.0.0/16|10.0.0.0/8|*.10.0.0.0/8|localhost|*.localhost, user.home=/Users/xueduan, user.timezone=Asia/Shanghai, java.awt.printerjob=sun.lwawt.macosx.CPrinterJob, file.encoding=UTF-8, java.specification.version=1.8, java.class.path=/Users/xueduan/learning/db-service/build/classes/java/test:/Users/xueduan/learning/db-service/build/resources/test:/Users/xueduan/learning/db-service/build/classes/java/main:/Users/xueduan/learning/db-service/build/resources/main:/Users/xueduan/.gradle/caches/modules-2/files-2.1/org.flywaydb/flyway-core/3.2.1/88347e9a484152e9b80fbad7648d1b552a8cff78/flyway-core-3.2.1.jar:/Users/xueduan/.gradle/caches/modules-2/files-2.1/org.projectlombok/lombok/1.16.22/e555426550f54284fefb09065f2123a1d9be0b73/lombok-1.16.22.jar:/Users/xueduan/.gradle/caches/modules-2/files-2.1/org.springframework.boot/spring-boot-starter-data-jpa/1.5.18.RELEASE/e36bc851981a58fb60d24a9c7bd890b1172e40ca/spring-boot-starter-data-jpa-1.5.18.RELEASE.jar:/Users/xueduan/.gradle/caches/modules-2/files-2.1/org.springframework.boot/spring-boot-starter-jdbc/1.5.18.RELEASE/1c5b51be934704efa1260b4cf27dd6ad5df7205/spring-boot-starter-jdbc-1.5.18.RELEASE.jar:/Users/xueduan/.gradle/caches/modules-2/files-2.1/mysql/mysql-connector-java/5.1.47/9de4159aaf2d08817a276610b8114a825fca6cfd/mysql-connector-java-5.1.47.jar:/Users/xueduan/.gradle/caches/modules-2/files-2.1/org.springframework.boot/spring-boot-starter-web/1.5.18.RELEASE/ac69c498381c10bb5add3c19b517f25c51341886/spring-boot-starter-web-1.5.18.RELEASE.jar:/Users/xueduan/.gradle/caches/modules-2/files-2.1/org.springframework.boot/spring-boot-starter-test/1.5.18.RELEASE/eed16f4264c534a87f571f55d3e2e889ab3a74a4/spring-boot-starter-test-1.5.18.RELEASE.jar:/Users/xueduan/.gradle/caches/modules-2/files-2.1/org.springframework.boot/spring-boot-starter-aop/1.5.18.RELEASE/40777b0ebeccaf8afaa7d63b1fab2b6b15622e94/spring-boot-starter-aop-1.5.18.RELEASE.jar:/Users/xueduan/.gradle/caches/modules-2/files-2.1/org.springframework.boot/spring-boot-starter/1.5.18.RELEASE/f7676e6488e22fcf6c0119120d7364e14fa11dca/spring-boot-starter-1.5.18.RELEASE.jar:/Users/xueduan/.gradle/caches/modules-2/files-2.1/org.apache.tomcat/tomcat-jdbc/8.5.35/b4b27053b96b70b6e2f3b8de9f5338b0d386386b/tomcat-jdbc-8.5.35.jar:/Users/xueduan/.gradle/caches/modules-2/files-2.1/org.springframework.data/spring-data-jpa/1.11.17.RELEASE/2b14bc15a9cd4586b1140f40fb75ccb7ee35b082/spring-data-jpa-1.11.17.RELEASE.jar:/Users/xueduan/.gradle/caches/modules-2/files-2.1/org.springframework/spring-orm/4.3.21.RELEASE/b2a0c304b91c64a6bc1890061aa61a56acde8d70/spring-orm-4.3.21.RELEASE.jar:/Users/xueduan/.gradle/caches/modules-2/files-2.1/org.springframework/spring-jdbc/4.3.21.RELEASE/3691a7af0372d73723222c4e0c63db2e58637e8e/spring-jdbc-4.3.21.RELEASE.jar:/Users/xueduan/.gradle/caches/modules-2/files-2.1/org.hibernate/hibernate-entitymanager/5.0.12.Final/302a526f5058290e9cbd719a5caf9f248d344719/hibernate-entitymanager-5.0.12.Final.jar:/Users/xueduan/.gradle/caches/modules-2/files-2.1/org.hibernate/hibernate-core/5.0.12.Final/e58bf1c660e6706d8e2cbb53bae110f574366102/hibernate-core-5.0.12.Final.jar:/Users/xueduan/.gradle/caches/modules-2/files-2.1/javax.transaction/javax.transaction-api/1.2/d81aff979d603edd90dcd8db2abc1f4ce6479e3e/javax.transaction-api-1.2.jar:/Users/xueduan/.gradle/caches/modules-2/files-2.1/org.springframework/spring-aspects/4.3.21.RELEASE/66207caba507580ee1fef4f8855001074389e62f/spring-aspects-4.3.21.RELEASE.jar:/Users/xueduan/.gradle/caches/modules-2/files-2.1/org.springframework.boot/spring-boot-starter-tomcat/1.5.18.RELEASE/a9698317aa43178ae5f09ae015a828f9919a878c/spring-boot-starter-tomcat-1.5.18.RELEASE.jar:/Users/xueduan/.gradle/caches/modules-2/files-2.1/org.hibernate/hibernate-validator/5.3.6.Final/4c730be8bf55a8e9a61e79a2f2c079abf48b718/hibernate-validator-5.3.6.Final.jar:/Users/xueduan/.gradle/caches/modules-2/files-2.1/com.fasterxml.jackson.core/jackson-databind/2.8.11.3/844df5aba5a1a56e00905b165b12bb34116ee858/jackson-databind-2.8.11.3.jar:/Users/xueduan/.gradle/caches/modules-2/files-2.1/org.springframework/spring-webmvc/4.3.21.RELEASE/697b5d133fc9293a25caec960fd19c7bd518f56a/spring-webmvc-4.3.21.RELEASE.jar:/Users/xueduan/.gradle/caches/modules-2/files-2.1/org.springframework/spring-web/4.3.21.RELEASE/64e4d7c10ce844ea093bee12f0bc9afc563ffa33/spring-web-4.3.21.RELEASE.jar:/Users/xueduan/.gradle/caches/modules-2/files-2.1/org.springframework.boot/spring-boot-test-autoconfigure/1.5.18.RELEASE/78b83e0f7eb016251c8a7e4b5547b4cbed151fbd/spring-boot-test-autoconfigure-1.5.18.RELEASE.jar:/Users/xueduan/.gradle/caches/modules-2/files-2.1/org.springframework.boot/spring-boot-test/1.5.18.RELEASE/8ba0c21e70ee0f481eed17a28380fa0caf74f1d0/spring-boot-test-1.5.18.RELEASE.jar:/Users/xueduan/.gradle/caches/modules-2/files-2.1/com.jayway.jsonpath/json-path/2.2.0/22290d17944bd239fabf5ac69005a60a7ecbbbcb/json-path-2.2.0.jar:/Users/xueduan/.gradle/caches/modules-2/files-2.1/junit/junit/4.12/2973d150c0dc1fefe998f834810d68f278ea58ec/junit-4.12.jar:/Users/xueduan/.gradle/caches/modules-2/files-2.1/org.assertj/assertj-core/2.6.0/b532c3fc4f66bcfee4989a3514f1cd56203a33ad/assertj-core-2.6.0.jar:/Users/xueduan/.gradle/caches/modules-2/files-2.1/org.mockito/mockito-core/1.10.19/e8546f5bef4e061d8dd73895b4e8f40e3fe6effe/mockito-core-1.10.19.jar:/Users/xueduan/.gradle/caches/modules-2/files-2.1/org.hamcrest/hamcrest-library/1.3/4785a3c21320980282f9f33d0d1264a69040538f/hamcrest-library-1.3.jar:/Users/xueduan/.gradle/caches/modules-2/files-2.1/org.hamcrest/hamcrest-core/1.3/42a25dc3219429f0e5d060061f71acb49bf010a0/hamcrest-core-1.3.jar:/Users/xueduan/.gradle/caches/modules-2/files-2.1/org.skyscreamer/jsonassert/1.4.0/9cdbb373a06f6513e51e8c545ee6a5e981463edb/jsonassert-1.4.0.jar:/Users/xueduan/.gradle/caches/modules-2/files-2.1/org.springframework/spring-test/4.3.21.RELEASE/98d58cf9828c4f977823153ad5ac5cc5612136f7/spring-test-4.3.21.RELEASE.jar:/Users/xueduan/.gradle/caches/modules-2/files-2.1/org.springframework.boot/spring-boot-autoconfigure/1.5.18.RELEASE/7951dd1fe36dea4a64db6c2f7e14f0b1e0adb3ea/spring-boot-autoconfigure-1.5.18.RELEASE.jar:/Users/xueduan/.gradle/caches/modules-2/files-2.1/org.springframework.boot/spring-boot/1.5.18.RELEASE/7914ca08dafc83e7013ef1f14f03357114f0e813/spring-boot-1.5.18.RELEASE.jar:/Users/xueduan/.gradle/caches/modules-2/files-2.1/org.springframework/spring-tx/4.3.21.RELEASE/9920a4b7629ee949f6ead56a214b532863c02919/spring-tx-4.3.21.RELEASE.jar:/Users/xueduan/.gradle/caches/modules-2/files-2.1/org.springframework.data/spring-data-commons/1.13.17.RELEASE/58cf6873526629151d06963a5f9b1c2c6c3ae321/spring-data-commons-1.13.17.RELEASE.jar:/Users/xueduan/.gradle/caches/modules-2/files-2.1/org.springframework/spring-context/4.3.21.RELEASE/5264ce9d8039d48684ce3fc25eb5d214fa46ab5b/spring-context-4.3.21.RELEASE.jar:/Users/xueduan/.gradle/caches/modules-2/files-2.1/org.springframework/spring-expression/4.3.21.RELEASE/e69cc3105026235d4b91cb1c51c25ce125f0b7/spring-expression-4.3.21.RELEASE.jar:/Users/xueduan/.gradle/caches/modules-2/files-2.1/org.springframework/spring-aop/4.3.21.RELEASE/e29ad56774c2e8d685b2628a1cd7df217e8e76b9/spring-aop-4.3.21.RELEASE.jar:/Users/xueduan/.gradle/caches/modules-2/files-2.1/org.springframework/spring-beans/4.3.21.RELEASE/b189b059b054acd7ea3d07dc028800d471bb72b6/spring-beans-4.3.21.RELEASE.jar:/Users/xueduan/.gradle/caches/modules-2/files-2.1/org.springframework/spring-core/4.3.21.RELEASE/baca8fcf544214f08fe594ba092d6fa88900a74e/spring-core-4.3.21.RELEASE.jar:/Users/xueduan/.gradle/caches/modules-2/files-2.1/org.springframework.boot/spring-boot-starter-logging/1.5.18.RELEASE/f60df51b2b14ee57db5340cf230ccd8514407017/spring-boot-starter-logging-1.5.18.RELEASE.jar:/Users/xueduan/.gradle/caches/modules-2/files-2.1/org.yaml/snakeyaml/1.17/7a27ea250c5130b2922b86dea63cbb1cc10a660c/snakeyaml-1.17.jar:/Users/xueduan/.gradle/caches/modules-2/files-2.1/org.apache.tomcat/tomcat-juli/8.5.35/69d0606072b31b57ba706d1ffc102064ad8f694b/tomcat-juli-8.5.35.jar:/Users/xueduan/.gradle/caches/modules-2/files-2.1/org.aspectj/aspectjweaver/1.8.13/ad94df2a28d658a40dc27bbaff6a1ce5fbf04e9b/aspectjweaver-1.8.13.jar:/Users/xueduan/.gradle/caches/modules-2/files-2.1/org.hibernate.common/hibernate-commons-annotations/5.0.1.Final/71e1cff3fcb20d3b3af4f3363c3ddb24d33c6879/hibernate-commons-annotations-5.0.1.Final.jar:/Users/xueduan/.gradle/caches/modules-2/files-2.1/org.jboss.logging/jboss-logging/3.3.2.Final/3789d00e859632e6c6206adc0c71625559e6e3b0/jboss-logging-3.3.2.Final.jar:/Users/xueduan/.gradle/caches/modules-2/files-2.1/org.hibernate.javax.persistence/hibernate-jpa-2.1-api/1.0.0.Final/5e731d961297e5a07290bfaf3db1fbc8bbbf405a/hibernate-jpa-2.1-api-1.0.0.Final.jar:/Users/xueduan/.gradle/caches/modules-2/files-2.1/org.javassist/javassist/3.21.0-GA/598244f595db5c5fb713731eddbb1c91a58d959b/javassist-3.21.0-GA.jar:/Users/xueduan/.gradle/caches/modules-2/files-2.1/antlr/antlr/2.7.7/83cd2cd674a217ade95a4bb83a8a14f351f48bd0/antlr-2.7.7.jar:/Users/xueduan/.gradle/caches/modules-2/files-2.1/org.jboss/jandex/2.0.0.Final/3e899258936f94649c777193e1be846387ed54b3/jandex-2.0.0.Final.jar:/Users/xueduan/.gradle/caches/modules-2/files-2.1/dom4j/dom4j/1.6.1/5d3ccc056b6f056dbf0dddfdf43894b9065a8f94/dom4j-1.6.1.jar:/Users/xueduan/.gradle/caches/modules-2/files-2.1/org.slf4j/jcl-over-slf4j/1.7.25/f8c32b13ff142a513eeb5b6330b1588dcb2c0461/jcl-over-slf4j-1.7.25.jar:/Users/xueduan/.gradle/caches/modules-2/files-2.1/ch.qos.logback/logback-classic/1.1.11/ccedfbacef4a6515d2983e3f89ed753d5d4fb665/logback-classic-1.1.11.jar:/Users/xueduan/.gradle/caches/modules-2/files-2.1/org.slf4j/jul-to-slf4j/1.7.25/af5364cd6679bfffb114f0dec8a157aaa283b76/jul-to-slf4j-1.7.25.jar:/Users/xueduan/.gradle/caches/modules-2/files-2.1/org.slf4j/log4j-over-slf4j/1.7.25/a87bb47468f47ee7aabbd54f93e133d4215769c3/log4j-over-slf4j-1.7.25.jar:/Users/xueduan/.gradle/caches/modules-2/files-2.1/org.slf4j/slf4j-api/1.7.25/da76ca59f6a57ee3102f8f9bd9cee742973efa8a/slf4j-api-1.7.25.jar:/Users/xueduan/.gradle/caches/modules-2/files-2.1/org.apache.tomcat.embed/tomcat-embed-websocket/8.5.35/e87da30db31e2d9e70598a12b40e9c2a23215a40/tomcat-embed-websocket-8.5.35.jar:/Users/xueduan/.gradle/caches/modules-2/files-2.1/org.apache.tomcat.embed/tomcat-embed-core/8.5.35/9c459829e1aa72669203dbbf6648dc3b6314644c/tomcat-embed-core-8.5.35.jar:/Users/xueduan/.gradle/caches/modules-2/files-2.1/org.apache.tomcat.embed/tomcat-embed-el/8.5.35/da63e21798ee42a4b4019c7345b159d3b63bc3de/tomcat-embed-el-8.5.35.jar:/Users/xueduan/.gradle/caches/modules-2/files-2.1/javax.validation/validation-api/1.1.0.Final/8613ae82954779d518631e05daa73a6a954817d5/validation-api-1.1.0.Final.jar:/Users/xueduan/.gradle/caches/modules-2/files-2.1/com.fasterxml/classmate/1.3.4/3d5f48f10bbe4eb7bd862f10c0583be2e0053c6/classmate-1.3.4.jar:/Users/xueduan/.gradle/caches/modules-2/files-2.1/com.fasterxml.jackson.core/jackson-annotations/2.8.0/45b426f7796b741035581a176744d91090e2e6fb/jackson-annotations-2.8.0.jar:/Users/xueduan/.gradle/caches/modules-2/files-2.1/com.fasterxml.jackson.core/jackson-core/2.8.11/876ead1db19f0c9e79c9789273a3ef8c6fd6c29b/jackson-core-2.8.11.jar:/Users/xueduan/.gradle/caches/modules-2/files-2.1/net.minidev/json-smart/2.2.1/5b9e5df7a62d1279b70dc882b041d249c4f0b002/json-smart-2.2.1.jar:/Users/xueduan/.gradle/caches/modules-2/files-2.1/org.objenesis/objenesis/2.1/87c0ea803b69252868d09308b4618f766f135a96/objenesis-2.1.jar:/Users/xueduan/.gradle/caches/modules-2/files-2.1/com.vaadin.external.google/android-json/0.0.20131108.vaadin1/fa26d351fe62a6a17f5cda1287c1c6110dec413f/android-json-0.0.20131108.vaadin1.jar:/Users/xueduan/.gradle/caches/modules-2/files-2.1/org.apache.tomcat/tomcat-annotations-api/8.5.35/5e03d5b26a8cdf7368831d35baa323aaae3213b4/tomcat-annotations-api-8.5.35.jar:/Users/xueduan/.gradle/caches/modules-2/files-2.1/net.minidev/accessors-smart/1.1/a527213f2fea112a04c9bdf0ec0264e34104cd08/accessors-smart-1.1.jar:/Users/xueduan/.gradle/caches/modules-2/files-2.1/ch.qos.logback/logback-core/1.1.11/88b8df40340eed549fb07e2613879bf6b006704d/logback-core-1.1.11.jar:/Users/xueduan/.gradle/caches/modules-2/files-2.1/org.ow2.asm/asm/5.0.3/dcc2193db20e19e1feca8b1240dbbc4e190824fa/asm-5.0.3.jar, user.name=xueduan, socksProxyHost=127.0.0.1, java.vm.specification.version=1.8, sun.java.command=worker.org.gradle.process.internal.worker.GradleWorkerMain 'Gradle Test Executor 16', java.home=/Library/Java/JavaVirtualMachines/jdk1.8.0_172.jdk/Contents/Home/jre, sun.arch.data.model=64, user.language=en, java.specification.vendor=Oracle Corporation, awt.toolkit=sun.lwawt.macosx.LWCToolkit, java.vm.info=mixed mode, java.version=1.8.0_172, java.ext.dirs=/Users/xueduan/Library/Java/Extensions:/Library/Java/JavaVirtualMachines/jdk1.8.0_172.jdk/Contents/Home/jre/lib/ext:/Library/Java/Extensions:/Network/Library/Java/Extensions:/System/Library/Java/Extensions:/usr/lib/java, sun.boot.class.path=/Library/Java/JavaVirtualMachines/jdk1.8.0_172.jdk/Contents/Home/jre/lib/resources.jar:/Library/Java/JavaVirtualMachines/jdk1.8.0_172.jdk/Contents/Home/jre/lib/rt.jar:/Library/Java/JavaVirtualMachines/jdk1.8.0_172.jdk/Contents/Home/jre/lib/sunrsasign.jar:/Library/Java/JavaVirtualMachines/jdk1.8.0_172.jdk/Contents/Home/jre/lib/jsse.jar:/Library/Java/JavaVirtualMachines/jdk1.8.0_172.jdk/Contents/Home/jre/lib/jce.jar:/Library/Java/JavaVirtualMachines/jdk1.8.0_172.jdk/Contents/Home/jre/lib/charsets.jar:/Library/Java/JavaVirtualMachines/jdk1.8.0_172.jdk/Contents/Home/jre/lib/jfr.jar:/Library/Java/JavaVirtualMachines/jdk1.8.0_172.jdk/Contents/Home/jre/classes, java.vendor=Oracle Corporation, org.gradle.test.worker=16, file.separator=/, java.vendor.url.bug=http://bugreport.sun.com/bugreport/, sun.io.unicode.encoding=UnicodeBig, sun.cpu.endian=little, socksNonProxyHosts=127.0.0.1|192.168.0.0/16|*.192.168.0.0/16|10.0.0.0/8|*.10.0.0.0/8|localhost|*.localhost, ftp.nonProxyHosts=127.0.0.1|192.168.0.0/16|*.192.168.0.0/16|10.0.0.0/8|*.10.0.0.0/8|localhost|*.localhost, sun.cpu.isalist=}}, SystemEnvironmentPropertySource@1881349337 {name='systemEnvironment', properties={PATH=/Library/Java/JavaVirtualMachines/jdk1.8.0_172.jdk/Contents/Home/bin:/usr/local/bin:/usr/bin:/bin:/usr/sbin:/sbin:/usr/local/Cellar/gradle/bin:.:/usr/local/apache-maven-3.6.0/bin, SHELL=/bin/bash, JAVA_HOME=/Library/Java/JavaVirtualMachines/jdk1.8.0_172.jdk/Contents/Home, OLDPWD=/usr/local/Cellar/gradle, TERM=xterm-256color, USER=xueduan, CLASSPATH=/usr/local/Cellar/gradle/lib/gradle-launcher-4.7.jar, JAVA_MAIN_CLASS_14928=worker.org.gradle.process.internal.worker.GradleWorkerMain, JAVA_MAIN_CLASS_14918=org.gradle.launcher.GradleMain, GRADLE_HOME=/usr/local/Cellar/gradle, TMPDIR=/var/folders/w4/1r3yyj1543b2tw3cz9k1cdbdhh70gv/T/, SSH_AUTH_SOCK=/private/tmp/com.apple.launchd.QgzAY91WbH/Listeners, APP_NAME_14918=Gradle, XPC_FLAGS=0x0, M2_HOME=/usr/local/apache-maven-3.6.0, __CF_USER_TEXT_ENCODING=0x610381FB:0x0:0x0, Apple_PubSub_Socket_Render=/private/tmp/com.apple.launchd.HUpB9WA4PI/Render, LOGNAME=xueduan, LC_CTYPE=en_US.UTF-8, XPC_SERVICE_NAME=0, PWD=/Users/xueduan/learning/db-service, APP_ICON_14918=/usr/local/Cellar/gradle/media/gradle.icns, SHLVL=1, HOME=/Users/xueduan}}]
20:15:36.420 [Test worker] DEBUG org.springframework.core.env.MutablePropertySources - Adding PropertySource 'inline' with highest search precedence
20:15:36.425 [Test worker] DEBUG org.springframework.test.context.support.TestPropertySourceUtils - Adding inlined properties to environment: {spring.jmx.enabled=false, org.springframework.boot.test.context.SpringBootTestContextBootstrapper=true, server.port=-1}
20:15:36.425 [Test worker] DEBUG org.springframework.core.env.StandardEnvironment - Adding PropertySource 'Inlined Test Properties' with highest search precedence

  .   ____          _            __ _ _
 /\\ / ___'_ __ _ _(_)_ __  __ _ \ \ \ \
( ( )\___ | '_ | '_| | '_ \/ _` | \ \ \ \
 \\/  ___)| |_)| | | | | || (_| |  ) ) ) )
  '  |____| .__|_| |_|_| |_\__, | / / / /
 =========|_|==============|___/=/_/_/_/
 :: Spring Boot ::       (v1.5.18.RELEASE)

2018-12-15 20:16:36.641  INFO 14928 --- [    Test worker] c.x.s.d.DbServiceApplicationTests        : Starting DbServiceApplicationTests on CMTCLM2W20DBHTD with PID 14928 (started by xueduan in /Users/xueduan/learning/db-service)
2018-12-15 20:16:36.642  INFO 14928 --- [    Test worker] c.x.s.d.DbServiceApplicationTests        : No active profile set, falling back to default profiles: default
2018-12-15 20:16:36.719  INFO 14928 --- [    Test worker] o.s.w.c.s.GenericWebApplicationContext   : Refreshing org.springframework.web.context.support.GenericWebApplicationContext@245bd0d9: startup date [Sat Dec 15 20:16:36 CST 2018]; root of context hierarchy
2018-12-15 20:16:37.473  INFO 14928 --- [    Test worker] trationDelegate$BeanPostProcessorChecker : Bean 'org.springframework.transaction.annotation.ProxyTransactionManagementConfiguration' of type [org.springframework.transaction.annotation.ProxyTransactionManagementConfiguration$$EnhancerBySpringCGLIB$$ca8c69e9] is not eligible for getting processed by all BeanPostProcessors (for example: not eligible for auto-proxying)
2018-12-15 20:16:37.833  INFO 14928 --- [    Test worker] o.f.core.internal.util.VersionPrinter    : Flyway 3.2.1 by Boxfuse
2018-12-15 20:16:38.161  INFO 14928 --- [    Test worker] o.f.c.i.dbsupport.DbSupportFactory       : Database: jdbc:mysql://127.0.0.1:3306/testdb (MySQL 5.6)
2018-12-15 20:16:38.193  INFO 14928 --- [    Test worker] o.f.core.internal.command.DbValidate     : Validated 1 migration (execution time 00:00.020s)
2018-12-15 20:16:38.231  INFO 14928 --- [    Test worker] o.f.core.internal.command.DbMigrate      : Current version of schema `testdb`: 2018.12.15
2018-12-15 20:16:38.232  INFO 14928 --- [    Test worker] o.f.core.internal.command.DbMigrate      : Schema `testdb` is up to date. No migration necessary.
2018-12-15 20:16:38.339  INFO 14928 --- [    Test worker] j.LocalContainerEntityManagerFactoryBean : Building JPA container EntityManagerFactory for persistence unit 'default'
2018-12-15 20:16:38.351  INFO 14928 --- [    Test worker] o.hibernate.jpa.internal.util.LogHelper  : HHH000204: Processing PersistenceUnitInfo [
	name: default
	...]
2018-12-15 20:16:38.402  INFO 14928 --- [    Test worker] org.hibernate.Version                    : HHH000412: Hibernate Core {5.0.12.Final}
2018-12-15 20:16:38.403  INFO 14928 --- [    Test worker] org.hibernate.cfg.Environment            : HHH000206: hibernate.properties not found
2018-12-15 20:16:38.404  INFO 14928 --- [    Test worker] org.hibernate.cfg.Environment            : HHH000021: Bytecode provider name : javassist
2018-12-15 20:16:38.438  INFO 14928 --- [    Test worker] o.hibernate.annotations.common.Version   : HCANN000001: Hibernate Commons Annotations {5.0.1.Final}
2018-12-15 20:16:38.529  INFO 14928 --- [    Test worker] org.hibernate.dialect.Dialect            : HHH000400: Using dialect: org.hibernate.dialect.MySQL5InnoDBDialect
2018-12-15 20:16:38.877  INFO 14928 --- [    Test worker] o.h.tool.hbm2ddl.SchemaValidator         : HHH000229: Running schema validator
2018-12-15 20:16:38.929  INFO 14928 --- [    Test worker] j.LocalContainerEntityManagerFactoryBean : Initialized JPA EntityManagerFactory for persistence unit 'default'
2018-12-15 20:16:39.616  INFO 14928 --- [    Test worker] s.w.s.m.m.a.RequestMappingHandlerAdapter : Looking for @ControllerAdvice: org.springframework.web.context.support.GenericWebApplicationContext@245bd0d9: startup date [Sat Dec 15 20:16:36 CST 2018]; root of context hierarchy
2018-12-15 20:16:39.693  INFO 14928 --- [    Test worker] s.w.s.m.m.a.RequestMappingHandlerMapping : Mapped "{[/rest/db/add],methods=[POST]}" onto public java.util.List<java.lang.String> com.xueduan.stock.dbservice.controller.DbController.add(com.xueduan.stock.dbservice.model.Quotes)
2018-12-15 20:16:39.695  INFO 14928 --- [    Test worker] s.w.s.m.m.a.RequestMappingHandlerMapping : Mapped "{[/rest/db/delete/{username}],methods=[POST]}" onto public java.util.List<java.lang.String> com.xueduan.stock.dbservice.controller.DbController.delete(java.lang.String)
2018-12-15 20:16:39.696  INFO 14928 --- [    Test worker] s.w.s.m.m.a.RequestMappingHandlerMapping : Mapped "{[/rest/db/{username}],methods=[GET]}" onto public java.util.List<java.lang.String> com.xueduan.stock.dbservice.controller.DbController.getQuotes(java.lang.String)
2018-12-15 20:16:39.701  INFO 14928 --- [    Test worker] s.w.s.m.m.a.RequestMappingHandlerMapping : Mapped "{[/error]}" onto public org.springframework.http.ResponseEntity<java.util.Map<java.lang.String, java.lang.Object>> org.springframework.boot.autoconfigure.web.BasicErrorController.error(javax.servlet.http.HttpServletRequest)
2018-12-15 20:16:39.702  INFO 14928 --- [    Test worker] s.w.s.m.m.a.RequestMappingHandlerMapping : Mapped "{[/error],produces=[text/html]}" onto public org.springframework.web.servlet.ModelAndView org.springframework.boot.autoconfigure.web.BasicErrorController.errorHtml(javax.servlet.http.HttpServletRequest,javax.servlet.http.HttpServletResponse)
2018-12-15 20:16:39.739  INFO 14928 --- [    Test worker] o.s.w.s.handler.SimpleUrlHandlerMapping  : Mapped URL path [/webjars/**] onto handler of type [class org.springframework.web.servlet.resource.ResourceHttpRequestHandler]
2018-12-15 20:16:39.739  INFO 14928 --- [    Test worker] o.s.w.s.handler.SimpleUrlHandlerMapping  : Mapped URL path [/**] onto handler of type [class org.springframework.web.servlet.resource.ResourceHttpRequestHandler]
2018-12-15 20:16:39.778  INFO 14928 --- [    Test worker] o.s.w.s.handler.SimpleUrlHandlerMapping  : Mapped URL path [/**/favicon.ico] onto handler of type [class org.springframework.web.servlet.resource.ResourceHttpRequestHandler]
2018-12-15 20:16:40.081  INFO 14928 --- [    Test worker] c.x.s.d.DbServiceApplicationTests        : Started DbServiceApplicationTests in 63.647 seconds (JVM running for 64.399)
]]></system-out>
  <system-err><![CDATA[]]></system-err>
</testsuite>
